Using pre-set license
Built from '2020.2/release' branch; Version is '2020.2.1f1 (270dd8c3da1c) revision 2559448'; Using compiler version '192528614'; Build Type 'Release'
OS: 'Windows 10  (10.0.0) 64bit' Language: 'en' Physical Memory: 32699 MB
BatchMode: 1, IsHumanControllingUs: 0, StartBugReporterOnCrash: 0, Is64bit: 1, IsPro: 0

 COMMAND LINE ARGUMENTS:
D:\Programs\Unity Editors\2020.2.1f1\Editor\Unity.exe
-adb2
-batchMode
-noUpm
-name
AssetImportWorker0
-projectPath
D:/Documents/School/OTU/IMedia/majorgroupproject1-team-liam/2D_Project
-logFile
Logs/AssetImportWorker0.log
-srvPort
52247
Successfully changed project path to: D:/Documents/School/OTU/IMedia/majorgroupproject1-team-liam/2D_Project
D:/Documents/School/OTU/IMedia/majorgroupproject1-team-liam/2D_Project
Using Asset Import Pipeline V2.
Refreshing native plugins compatible for Editor in 35.77 ms, found 1 plugins.
Preloading 0 native plugins for Editor in 0.00 ms.
Initialize engine version: 2020.2.1f1 (270dd8c3da1c)
[Subsystems] Discovering subsystems at path D:/Programs/Unity Editors/2020.2.1f1/Editor/Data/Resources/UnitySubsystems
[Subsystems] Discovering subsystems at path D:/Documents/School/OTU/IMedia/majorgroupproject1-team-liam/2D_Project/Assets
GfxDevice: creating device client; threaded=0
Direct3D:
    Version:  Direct3D 11.0 [level 11.1]
    Renderer: Radeon RX 580 Series (ID=0x67df)
    Vendor:   
    VRAM:     8171 MB
    Driver:   27.20.14535.3005
Initialize mono
Mono path[0] = 'D:/Programs/Unity Editors/2020.2.1f1/Editor/Data/Managed'
Mono path[1] = 'D:/Programs/Unity Editors/2020.2.1f1/Editor/Data/MonoBleedingEdge/lib/mono/unityjit'
Mono config path = 'D:/Programs/Unity Editors/2020.2.1f1/Editor/Data/MonoBleedingEdge/etc'
Using monoOptions --debugger-agent=transport=dt_socket,embedding=1,server=y,suspend=n,address=127.0.0.1:56648
Begin MonoManager ReloadAssembly
Registering precompiled unity dll's ...
Register platform support module: D:/Programs/Unity Editors/2020.2.1f1/Editor/Data/PlaybackEngines/WindowsStandaloneSupport/UnityEditor.WindowsStandalone.Extensions.dll
Registered in 0.000909 seconds.
Native extension for WindowsStandalone target not found
Refreshing native plugins compatible for Editor in 36.76 ms, found 1 plugins.
Preloading 0 native plugins for Editor in 0.00 ms.
Invoked RoslynAnalysisRunner static constructor.
RoslynAnalysisRunner will not be running.
RoslynAnalysisRunner has terminated.
Mono: successfully reloaded assembly
- Completed reload, in  0.847 seconds
Platform modules already initialized, skipping
Registering precompiled user dll's ...
Registered in 0.000787 seconds.
Begin MonoManager ReloadAssembly
Native extension for WindowsStandalone target not found
Refreshing native plugins compatible for Editor in 38.72 ms, found 1 plugins.
Preloading 0 native plugins for Editor in 0.00 ms.
Invoked RoslynAnalysisRunner static constructor.
RoslynAnalysisRunner will not be running.
RoslynAnalysisRunner has terminated.
Mono: successfully reloaded assembly
- Completed reload, in  0.914 seconds
Platform modules already initialized, skipping
========================================================================
Worker process is ready to serve import requests
Launched and connected shader compiler UnityShaderCompiler.exe after 0.03 seconds
Refreshing native plugins compatible for Editor in 0.39 ms, found 1 plugins.
Preloading 0 native plugins for Editor in 0.00 ms.
Unloading 1798 Unused Serialized files (Serialized files now loaded: 0)
System memory in use before: 84.2 MB.
System memory in use after: 84.2 MB.

Unloading 24 unused Assets to reduce memory usage. Loaded Objects now: 2239.
Total: 1.792300 ms (FindLiveObjects: 0.233500 ms CreateObjectMapping: 0.042000 ms MarkObjects: 1.422900 ms  DeleteObjects: 0.092500 ms)

========================================================================
Received Import Request.
  path: Assets/Scripts/AsteroidMovement.cs
  artifactKey: Guid(e823a945dc936924790c3d7b798fdc06) Importer(815301076,1909f56bfc062723c751e8b465ee728b)
Start importing Assets/Scripts/AsteroidMovement.cs using Guid(e823a945dc936924790c3d7b798fdc06) Importer(815301076,1909f56bfc062723c751e8b465ee728b)  -> (artifact id: 'e9c3f74be58181dcda9e4d555fce319c') in 0.025008 seconds
  Import took 0.027747 seconds .

========================================================================
Received Prepare
Registering precompiled user dll's ...
Registered in 0.000702 seconds.
Begin MonoManager ReloadAssembly
Native extension for WindowsStandalone target not found
Refreshing native plugins compatible for Editor in 0.37 ms, found 1 plugins.
Preloading 0 native plugins for Editor in 0.00 ms.
Invoked RoslynAnalysisRunner static constructor.
RoslynAnalysisRunner will not be running.
RoslynAnalysisRunner has terminated.
Mono: successfully reloaded assembly
- Completed reload, in  0.680 seconds
Platform modules already initialized, skipping
Refreshing native plugins compatible for Editor in 0.48 ms, found 1 plugins.
Preloading 0 native plugins for Editor in 0.00 ms.
Unloading 1793 Unused Serialized files (Serialized files now loaded: 0)
System memory in use before: 84.2 MB.
System memory in use after: 84.2 MB.

Unloading 12 unused Assets to reduce memory usage. Loaded Objects now: 2242.
Total: 2.111200 ms (FindLiveObjects: 0.247100 ms CreateObjectMapping: 0.036900 ms MarkObjects: 1.706300 ms  DeleteObjects: 0.119600 ms)

========================================================================
Received Import Request.
  Time since last request: 55.096719 seconds.
  path: Assets/Materials
  artifactKey: Guid(94bd9d6727913a54097444559b826e7e) Importer(815301076,1909f56bfc062723c751e8b465ee728b)
Start importing Assets/Materials using Guid(94bd9d6727913a54097444559b826e7e) Importer(815301076,1909f56bfc062723c751e8b465ee728b)  -> (artifact id: '83817ba5ffe0f103f6434d37ba587b40') in 0.005434 seconds
  Import took 0.008610 seconds .

========================================================================
Received Import Request.
  Time since last request: 9.866527 seconds.
  path: Assets/Images
  artifactKey: Guid(90c5557ecb6ef674dad39633c9d7148c) Importer(815301076,1909f56bfc062723c751e8b465ee728b)
Start importing Assets/Images using Guid(90c5557ecb6ef674dad39633c9d7148c) Importer(815301076,1909f56bfc062723c751e8b465ee728b)  -> (artifact id: '393544dc26fd4458df43873c72d2d16f') in 0.003175 seconds
  Import took 0.005937 seconds .

========================================================================
Received Import Request.
  Time since last request: 0.000564 seconds.
  path: Assets/Images
  artifactKey: Guid(90c5557ecb6ef674dad39633c9d7148c) Importer(815301076,1909f56bfc062723c751e8b465ee728b)
Start importing Assets/Images using Guid(90c5557ecb6ef674dad39633c9d7148c) Importer(815301076,1909f56bfc062723c751e8b465ee728b)  -> (artifact id: '393544dc26fd4458df43873c72d2d16f') in 0.002804 seconds
  Import took 0.005445 seconds .

========================================================================
Received Prepare
Registering precompiled user dll's ...
Registered in 0.000930 seconds.
Begin MonoManager ReloadAssembly
Native extension for WindowsStandalone target not found
Refreshing native plugins compatible for Editor in 0.38 ms, found 1 plugins.
Preloading 0 native plugins for Editor in 0.00 ms.
Invoked RoslynAnalysisRunner static constructor.
RoslynAnalysisRunner will not be running.
RoslynAnalysisRunner has terminated.
Mono: successfully reloaded assembly
- Completed reload, in  0.635 seconds
Platform modules already initialized, skipping
Refreshing native plugins compatible for Editor in 0.26 ms, found 1 plugins.
Preloading 0 native plugins for Editor in 0.00 ms.
Unloading 1793 Unused Serialized files (Serialized files now loaded: 0)
System memory in use before: 84.4 MB.
System memory in use after: 84.4 MB.

Unloading 12 unused Assets to reduce memory usage. Loaded Objects now: 2245.
Total: 1.873300 ms (FindLiveObjects: 0.202500 ms CreateObjectMapping: 0.048600 ms MarkObjects: 1.537600 ms  DeleteObjects: 0.083900 ms)

========================================================================
Received Import Request.
  Time since last request: 2183.697253 seconds.
  path: Assets/Scripts/PlayerMovement.cs
  artifactKey: Guid(8b0c4aa175d81d644aab6634eabd83b9) Importer(815301076,1909f56bfc062723c751e8b465ee728b)
Start importing Assets/Scripts/PlayerMovement.cs using Guid(8b0c4aa175d81d644aab6634eabd83b9) Importer(815301076,1909f56bfc062723c751e8b465ee728b)  -> (artifact id: 'a1b97e192135163957adcbf874de161d') in 0.004884 seconds
  Import took 0.007408 seconds .

========================================================================
Received Import Request.
  Time since last request: 0.019563 seconds.
  path: Assets/Scripts/PlayerMovement.cs
  artifactKey: Guid(8b0c4aa175d81d644aab6634eabd83b9) Importer(815301076,1909f56bfc062723c751e8b465ee728b)
Start importing Assets/Scripts/PlayerMovement.cs using Guid(8b0c4aa175d81d644aab6634eabd83b9) Importer(815301076,1909f56bfc062723c751e8b465ee728b)  -> (artifact id: 'a1b97e192135163957adcbf874de161d') in 0.002356 seconds
  Import took 0.004636 seconds .

========================================================================
Received Prepare
Registering precompiled user dll's ...
Registered in 0.001132 seconds.
Begin MonoManager ReloadAssembly
Native extension for WindowsStandalone target not found
Refreshing native plugins compatible for Editor in 0.39 ms, found 1 plugins.
Preloading 0 native plugins for Editor in 0.00 ms.
Invoked RoslynAnalysisRunner static constructor.
RoslynAnalysisRunner will not be running.
RoslynAnalysisRunner has terminated.
Mono: successfully reloaded assembly
- Completed reload, in  0.649 seconds
Platform modules already initialized, skipping
Refreshing native plugins compatible for Editor in 0.30 ms, found 1 plugins.
Preloading 0 native plugins for Editor in 0.00 ms.
Unloading 1793 Unused Serialized files (Serialized files now loaded: 0)
System memory in use before: 84.5 MB.
System memory in use after: 84.5 MB.

Unloading 12 unused Assets to reduce memory usage. Loaded Objects now: 2248.
Total: 1.976000 ms (FindLiveObjects: 0.219500 ms CreateObjectMapping: 0.040300 ms MarkObjects: 1.628300 ms  DeleteObjects: 0.086600 ms)

========================================================================
Received Import Request.
  Time since last request: 26.409750 seconds.
  path: Assets/Scripts/PlayerMovement.cs
  artifactKey: Guid(8b0c4aa175d81d644aab6634eabd83b9) Importer(815301076,1909f56bfc062723c751e8b465ee728b)
Start importing Assets/Scripts/PlayerMovement.cs using Guid(8b0c4aa175d81d644aab6634eabd83b9) Importer(815301076,1909f56bfc062723c751e8b465ee728b)  -> (artifact id: '9e71e2cb9c55685390878d75028e4368') in 0.004869 seconds
  Import took 0.007215 seconds .

========================================================================
Received Prepare
Registering precompiled user dll's ...
Registered in 0.000732 seconds.
Begin MonoManager ReloadAssembly
Native extension for WindowsStandalone target not found
Refreshing native plugins compatible for Editor in 0.38 ms, found 1 plugins.
Preloading 0 native plugins for Editor in 0.00 ms.
Invoked RoslynAnalysisRunner static constructor.
RoslynAnalysisRunner will not be running.
RoslynAnalysisRunner has terminated.
Mono: successfully reloaded assembly
- Completed reload, in  0.633 seconds
Platform modules already initialized, skipping
Refreshing native plugins compatible for Editor in 0.37 ms, found 1 plugins.
Preloading 0 native plugins for Editor in 0.00 ms.
Unloading 1793 Unused Serialized files (Serialized files now loaded: 0)
System memory in use before: 84.6 MB.
System memory in use after: 84.6 MB.

Unloading 12 unused Assets to reduce memory usage. Loaded Objects now: 2251.
Total: 1.915500 ms (FindLiveObjects: 0.233800 ms CreateObjectMapping: 0.038000 ms MarkObjects: 1.545000 ms  DeleteObjects: 0.097700 ms)

========================================================================
Received Prepare
Registering precompiled user dll's ...
Registered in 0.000698 seconds.
Begin MonoManager ReloadAssembly
Native extension for WindowsStandalone target not found
Refreshing native plugins compatible for Editor in 0.37 ms, found 1 plugins.
Preloading 0 native plugins for Editor in 0.00 ms.
Invoked RoslynAnalysisRunner static constructor.
RoslynAnalysisRunner will not be running.
RoslynAnalysisRunner has terminated.
Mono: successfully reloaded assembly
- Completed reload, in  0.657 seconds
Platform modules already initialized, skipping
Refreshing native plugins compatible for Editor in 0.30 ms, found 1 plugins.
Preloading 0 native plugins for Editor in 0.00 ms.
Unloading 1793 Unused Serialized files (Serialized files now loaded: 0)
System memory in use before: 84.7 MB.
System memory in use after: 84.7 MB.

Unloading 12 unused Assets to reduce memory usage. Loaded Objects now: 2254.
Total: 1.854300 ms (FindLiveObjects: 0.229900 ms CreateObjectMapping: 0.043700 ms MarkObjects: 1.485400 ms  DeleteObjects: 0.094200 ms)

========================================================================
Received Import Request.
  Time since last request: 136.595571 seconds.
  path: Assets/Scripts/PlayerMovement.cs
  artifactKey: Guid(8b0c4aa175d81d644aab6634eabd83b9) Importer(815301076,1909f56bfc062723c751e8b465ee728b)
Start importing Assets/Scripts/PlayerMovement.cs using Guid(8b0c4aa175d81d644aab6634eabd83b9) Importer(815301076,1909f56bfc062723c751e8b465ee728b)  -> (artifact id: 'ac01da84f70272eb2c1f3d1c753164a4') in 0.004757 seconds
  Import took 0.007339 seconds .

========================================================================
Received Prepare
Registering precompiled user dll's ...
Registered in 0.001226 seconds.
Begin MonoManager ReloadAssembly
Native extension for WindowsStandalone target not found
Refreshing native plugins compatible for Editor in 0.37 ms, found 1 plugins.
Preloading 0 native plugins for Editor in 0.00 ms.
Invoked RoslynAnalysisRunner static constructor.
RoslynAnalysisRunner will not be running.
RoslynAnalysisRunner has terminated.
Mono: successfully reloaded assembly
- Completed reload, in  0.643 seconds
Platform modules already initialized, skipping
Refreshing native plugins compatible for Editor in 0.44 ms, found 1 plugins.
Preloading 0 native plugins for Editor in 0.00 ms.
Unloading 1793 Unused Serialized files (Serialized files now loaded: 0)
System memory in use before: 84.8 MB.
System memory in use after: 84.8 MB.

Unloading 12 unused Assets to reduce memory usage. Loaded Objects now: 2257.
Total: 1.780300 ms (FindLiveObjects: 0.189000 ms CreateObjectMapping: 0.043400 ms MarkObjects: 1.459800 ms  DeleteObjects: 0.087200 ms)

AssetImportWorkerClient::OnTransportError - code=2 error=End of file
